<?xml version="1.0" encoding="UTF-8"?>
<testng-results ignored="0" total="1" passed="1" failed="0" skipped="0">
  <reporter-output>
  </reporter-output>
  <suite started-at="2024-11-19T20:40:26 IST" name="Default suite" finished-at="2024-11-19T20:40:27 IST" duration-ms="971">
    <groups>
    </groups>
    <test started-at="2024-11-19T20:40:26 IST" name="Default test" finished-at="2024-11-19T20:40:27 IST" duration-ms="971">
      <class name="practiseUdemy.sumValidation">
        <test-method signature="assertpurchaseAmount()[pri:0, instance:practiseUdemy.sumValidation@5bb7643d]" started-at="2024-11-19T20:40:26 IST" name="assertpurchaseAmount" finished-at="2024-11-19T20:40:27 IST" duration-ms="746" status="PASS">
          <reporter-output>
          </reporter-output>
        </test-method> <!-- assertpurchaseAmount -->
      </class> <!-- practiseUdemy.sumValidation -->
    </test> <!-- Default test -->
  </suite> <!-- Default suite -->
</testng-results>
