<?xml version="1.0" encoding="UTF-8"?>
<testng-results ignored="0" total="1" passed="1" failed="0" skipped="0">
  <reporter-output>
  </reporter-output>
  <suite started-at="2024-12-20T15:50:34 IST" name="Default suite" finished-at="2024-12-20T15:50:37 IST" duration-ms="3227">
    <groups>
    </groups>
    <test started-at="2024-12-20T15:50:34 IST" name="Default test" finished-at="2024-12-20T15:50:37 IST" duration-ms="3227">
      <class name="com.api.tests.postRequestapi">
        <test-method signature="sendapirequest()[pri:0, instance:com.api.tests.postRequestapi@661972b0]" started-at="2024-12-20T15:50:34 IST" name="sendapirequest" finished-at="2024-12-20T15:50:37 IST" duration-ms="3178" status="PASS">
          <reporter-output>
          </reporter-output>
        </test-method> <!-- sendapirequest -->
      </class> <!-- com.api.tests.postRequestapi -->
    </test> <!-- Default test -->
  </suite> <!-- Default suite -->
</testng-results>
